1499206244127	geckodriver	INFO	Listening on 127.0.0.1:52064
1499206245209	geckodriver::marionette	INFO	Starting browser /Applications/Firefox.app/Contents/MacOS/firefox-bin with args ["-marionette"]
1499206248344	Marionette	INFO	Listening on port 52073
1499206248470	Marionette	WARN	TLS certificate errors will be ignored for this session
2017-07-04 23:10:49.312 plugin-container[8133:101615] *** CFMessagePort: bootstrap_register(): failed 1100 (0x44c) 'Permission denied', port = 0x9137, name = 'com.apple.tsm.portname'
See /usr/include/servers/bootstrap_defs.h for the error codes.
2017-07-04 23:10:49.317 plugin-container[8133:101615] *** CFMessagePort: bootstrap_register(): failed 1100 (0x44c) 'Permission denied', port = 0x9503, name = 'com.apple.CFPasteboardClient'
See /usr/include/servers/bootstrap_defs.h for the error codes.
1499206606136	geckodriver	INFO	Listening on 127.0.0.1:52185
1499206607155	geckodriver::marionette	INFO	Starting browser /Applications/Firefox.app/Contents/MacOS/firefox-bin with args ["-marionette"]
1499206609884	Marionette	INFO	Listening on port 52194
1499206610002	Marionette	WARN	TLS certificate errors will be ignored for this session
2017-07-04 23:16:50.748 plugin-container[8719:103974] *** CFMessagePort: bootstrap_register(): failed 1100 (0x44c) 'Permission denied', port = 0x923b, name = 'com.apple.tsm.portname'
See /usr/include/servers/bootstrap_defs.h for the error codes.
2017-07-04 23:16:50.753 plugin-container[8719:103974] *** CFMessagePort: bootstrap_register(): failed 1100 (0x44c) 'Permission denied', port = 0x9503, name = 'com.apple.CFPasteboardClient'
See /usr/include/servers/bootstrap_defs.h for the error codes.
*************************
A coding exception was thrown and uncaught in a Task.

Full message: TypeError: NetworkError when attempting to fetch resource.
Full stack: 
*************************
1499207012833	geckodriver	INFO	Listening on 127.0.0.1:52306
1499207013862	geckodriver::marionette	INFO	Starting browser /Applications/Firefox.app/Contents/MacOS/firefox-bin with args ["-marionette"]
1499207016503	Marionette	INFO	Listening on port 52315
1499207016602	Marionette	WARN	TLS certificate errors will be ignored for this session
2017-07-04 23:23:37.251 plugin-container[9030:106438] *** CFMessagePort: bootstrap_register(): failed 1100 (0x44c) 'Permission denied', port = 0x9237, name = 'com.apple.tsm.portname'
See /usr/include/servers/bootstrap_defs.h for the error codes.
2017-07-04 23:23:37.259 plugin-container[9030:106438] *** CFMessagePort: bootstrap_register(): failed 1100 (0x44c) 'Permission denied', port = 0x9603, name = 'com.apple.CFPasteboardClient'
See /usr/include/servers/bootstrap_defs.h for the error codes.
1499207017471	Marionette	INFO	New connections will no longer be accepted
*************************
A coding exception was thrown and uncaught in a Task.

Full message: TypeError: NetworkError when attempting to fetch resource.
Full stack: 
*************************
1499208579194	geckodriver	INFO	Listening on 127.0.0.1:52421
1499208580206	geckodriver::marionette	INFO	Starting browser /Applications/Firefox.app/Contents/MacOS/firefox-bin with args ["-marionette"]
1499208582699	Marionette	INFO	Listening on port 52430
1499208582804	Marionette	WARN	TLS certificate errors will be ignored for this session
2017-07-04 23:49:43.506 plugin-container[9812:112830] *** CFMessagePort: bootstrap_register(): failed 1100 (0x44c) 'Permission denied', port = 0x913b, name = 'com.apple.tsm.portname'
See /usr/include/servers/bootstrap_defs.h for the error codes.
2017-07-04 23:49:43.511 plugin-container[9812:112830] *** CFMessagePort: bootstrap_register(): failed 1100 (0x44c) 'Permission denied', port = 0x9403, name = 'com.apple.CFPasteboardClient'
See /usr/include/servers/bootstrap_defs.h for the error codes.
1499208583685	Marionette	INFO	New connections will no longer be accepted
